<?xml version="1.0" encoding="UTF-8"?>
<testng-results skipped="0" failed="1" ignored="0" total="2" passed="1">
  <reporter-output>
  </reporter-output>
  <suite name="Default Suite" duration-ms="44741" started-at="2019-07-28T16:33:45Z" finished-at="2019-07-28T16:34:29Z">
    <groups>
    </groups>
    <test name="MoneyAppTesting" duration-ms="44741" started-at="2019-07-28T16:33:45Z" finished-at="2019-07-28T16:34:29Z">
      <class name="MoneyAppTests.LoginTest">
        <test-method status="PASS" signature="setupReports()[pri:0, instance:MoneyAppTests.LoginTest@27f674d]" name="setupReports" is-config="true" duration-ms="304" started-at="2019-07-28T16:33:44Z" finished-at="2019-07-28T16:33:45Z">
          <reporter-output>
          </reporter-output>
        </test-method> <!-- setupReports -->
        <test-method status="PASS" signature="setup()[pri:0, instance:MoneyAppTests.LoginTest@27f674d]" name="setup" is-config="true" duration-ms="9122" started-at="2019-07-28T16:33:46Z" finished-at="2019-07-28T16:33:55Z">
          <reporter-output>
          </reporter-output>
        </test-method> <!-- setup -->
        <test-method status="PASS" signature="runLoginTestCases(java.lang.String, DTO.LoginDTO)[pri:0, instance:MoneyAppTests.LoginTest@27f674d]" name="runLoginTestCases" duration-ms="2507" started-at="2019-07-28T16:33:55Z" data-provider="loginProvider" finished-at="2019-07-28T16:33:57Z">
          <params>
            <param index="0">
              <value>
                <![CDATA[login_001_login]]>
              </value>
            </param>
            <param index="1">
              <value>
                <![CDATA[DTO.LoginDTO@63798ca7]]>
              </value>
            </param>
          </params>
          <reporter-output>
          </reporter-output>
        </test-method> <!-- runLoginTestCases -->
        <test-method status="PASS" signature="teardown()[pri:0, instance:MoneyAppTests.LoginTest@27f674d]" name="teardown" is-config="true" duration-ms="1727" started-at="2019-07-28T16:33:57Z" finished-at="2019-07-28T16:33:59Z">
          <reporter-output>
          </reporter-output>
        </test-method> <!-- teardown -->
        <test-method status="PASS" signature="setup()[pri:0, instance:MoneyAppTests.LoginTest@27f674d]" name="setup" is-config="true" duration-ms="8280" started-at="2019-07-28T16:33:59Z" finished-at="2019-07-28T16:34:07Z">
          <reporter-output>
          </reporter-output>
        </test-method> <!-- setup -->
        <test-method status="FAIL" signature="runLoginTestCases(java.lang.String, DTO.LoginDTO)[pri:0, instance:MoneyAppTests.LoginTest@27f674d]" name="runLoginTestCases" duration-ms="20709" started-at="2019-07-28T16:34:07Z" data-provider="loginProvider" finished-at="2019-07-28T16:34:28Z">
          <params>
            <param index="0">
              <value>
                <![CDATA[login_002_login]]>
              </value>
            </param>
            <param index="1">
              <value>
                <![CDATA[DTO.LoginDTO@495083a0]]>
              </value>
            </param>
          </params>
          <exception class="java.lang.AssertionError">
            <message>
              <![CDATA[null]]>
            </message>
            <full-stacktrace>
                <![CDATA[java.lang.AssertionError: null
at org.testng.Assert.fail(Assert.java:96)
at org.testng.Assert.fail(Assert.java:103)
at MoneyAppTests.LoginTest.runLoginTestCases(LoginTest.java:60)
at sun.reflect.NativeMethodAccessorImpl.invoke0(Native Method)
at sun.reflect.NativeMethodAccessorImpl.invoke(NativeMethodAccessorImpl.java:62)
at sun.reflect.DelegatingMethodAccessorImpl.invoke(DelegatingMethodAccessorImpl.java:43)
at java.lang.reflect.Method.invoke(Method.java:498)
at org.testng.internal.MethodInvocationHelper.invokeMethod(MethodInvocationHelper.java:124)
at org.testng.internal.Invoker.invokeMethod(Invoker.java:583)
at org.testng.internal.Invoker.invokeTestMethod(Invoker.java:719)
at org.testng.internal.Invoker.invokeTestMethods(Invoker.java:989)
at org.testng.internal.TestMethodWorker.invokeTestMethods(TestMethodWorker.java:125)
at org.testng.internal.TestMethodWorker.run(TestMethodWorker.java:109)
at org.testng.TestRunner.privateRun(TestRunner.java:648)
at org.testng.TestRunner.run(TestRunner.java:505)
at org.testng.SuiteRunner.runTest(SuiteRunner.java:455)
at org.testng.SuiteRunner.runSequentially(SuiteRunner.java:450)
at org.testng.SuiteRunner.privateRun(SuiteRunner.java:415)
at org.testng.SuiteRunner.run(SuiteRunner.java:364)
at org.testng.SuiteRunnerWorker.runSuite(SuiteRunnerWorker.java:52)
at org.testng.SuiteRunnerWorker.run(SuiteRunnerWorker.java:84)
at org.testng.TestNG.runSuitesSequentially(TestNG.java:1208)
at org.testng.TestNG.runSuitesLocally(TestNG.java:1137)
at org.testng.TestNG.runSuites(TestNG.java:1049)
at org.testng.TestNG.run(TestNG.java:1017)
at org.testng.IDEARemoteTestNG.run(IDEARemoteTestNG.java:73)
at org.testng.RemoteTestNGStarter.main(RemoteTestNGStarter.java:123)
]]>
            </full-stacktrace>
          </exception> <!-- java.lang.AssertionError -->
          <reporter-output>
          </reporter-output>
        </test-method> <!-- runLoginTestCases -->
        <test-method status="PASS" signature="teardown()[pri:0, instance:MoneyAppTests.LoginTest@27f674d]" name="teardown" is-config="true" duration-ms="1454" started-at="2019-07-28T16:34:28Z" finished-at="2019-07-28T16:34:29Z">
          <reporter-output>
          </reporter-output>
        </test-method> <!-- teardown -->
      </class> <!-- MoneyAppTests.LoginTest -->
    </test> <!-- MoneyAppTesting -->
  </suite> <!-- Default Suite -->
</testng-results>
